<?xml version="1.0" encoding="UTF-8"?>
<!-- Generated by org.testng.reporters.JUnitReportReporter -->
<testsuite hostname="DAC16" failures="0" tests="1" name="test.pack.ng.Demo1" time="0.001" errors="0" timestamp="2024-06-08T13:22:48 IST" skipped="0">
  <testcase classname="test.pack.ng.Demo1" name="Login" time="0.001"/>
  <system-out/>
</testsuite> <!-- test.pack.ng.Demo1 -->
