<?xml version="1.0" encoding="UTF-8"?>
<!-- Generated by org.testng.reporters.JUnitReportReporter -->
<testsuite hostname="DAC16" failures="0" tests="1" name="test.pack.ng.Demo2" time="4.818" errors="0" timestamp="2024-06-08T13:22:48 IST" skipped="0">
  <testcase classname="test.pack.ng.Demo2" name="f" time="4.818"/>
  <system-out/>
</testsuite> <!-- test.pack.ng.Demo2 -->
